Determining if the pthread_create exist failed with the following output:
Change Dir: /home/egranadoo/AutoNOMOS-Tools/line-sensing-gui/build/CMakeFiles/CMakeTmp

Run Build Command:"/usr/bin/gmake" "cmTC_b236b/fast"
/usr/bin/gmake -f CMakeFiles/cmTC_b236b.dir/build.make CMakeFiles/cmTC_b236b.dir/build
gmake[1]: Entering directory '/home/egranadoo/AutoNOMOS-Tools/line-sensing-gui/build/CMakeFiles/CMakeTmp'
Building C object CMakeFiles/cmTC_b236b.dir/CheckSymbolExists.c.o
/usr/bin/cc    -o CMakeFiles/cmTC_b236b.dir/CheckSymbolExists.c.o   -c /home/egranadoo/AutoNOMOS-Tools/line-sensing-gui/build/CMakeFiles/CMakeTmp/CheckSymbolExists.c
Linking C executable cmTC_b236b
/usr/bin/cmake -E cmake_link_script CMakeFiles/cmTC_b236b.dir/link.txt --verbose=1
/usr/bin/cc      -rdynamic CMakeFiles/cmTC_b236b.dir/CheckSymbolExists.c.o  -o cmTC_b236b 
CMakeFiles/cmTC_b236b.dir/CheckSymbolExists.c.o: In function `main':
CheckSymbolExists.c:(.text+0x16): undefined reference to `pthread_create'
collect2: error: ld returned 1 exit status
gmake[1]: *** [CMakeFiles/cmTC_b236b.dir/build.make:98: cmTC_b236b] Error 1
gmake[1]: Leaving directory '/home/egranadoo/AutoNOMOS-Tools/line-sensing-gui/build/CMakeFiles/CMakeTmp'
gmake: *** [Makefile:126: cmTC_b236b/fast] Error 2

File /home/egranadoo/AutoNOMOS-Tools/line-sensing-gui/build/CMakeFiles/CMakeTmp/CheckSymbolExists.c:
/* */
#include <pthread.h>

int main(int argc, char** argv)
{
  (void)argv;
#ifndef pthread_create
  return ((int*)(&pthread_create))[argc];
#else
  (void)argc;
  return 0;
#endif
}

Determining if the function pthread_create exists in the pthreads failed with the following output:
Change Dir: /home/egranadoo/AutoNOMOS-Tools/line-sensing-gui/build/CMakeFiles/CMakeTmp

Run Build Command:"/usr/bin/gmake" "cmTC_12764/fast"
/usr/bin/gmake -f CMakeFiles/cmTC_12764.dir/build.make CMakeFiles/cmTC_12764.dir/build
gmake[1]: Entering directory '/home/egranadoo/AutoNOMOS-Tools/line-sensing-gui/build/CMakeFiles/CMakeTmp'
Building C object CMakeFiles/cmTC_12764.dir/CheckFunctionExists.c.o
/usr/bin/cc   -DCHECK_FUNCTION_EXISTS=pthread_create   -o CMakeFiles/cmTC_12764.dir/CheckFunctionExists.c.o   -c /usr/share/cmake/Modules/CheckFunctionExists.c
Linking C executable cmTC_12764
/usr/bin/cmake -E cmake_link_script CMakeFiles/cmTC_12764.dir/link.txt --verbose=1
/usr/bin/cc  -DCHECK_FUNCTION_EXISTS=pthread_create    -rdynamic CMakeFiles/cmTC_12764.dir/CheckFunctionExists.c.o  -o cmTC_12764 -lpthreads 
/usr/bin/ld: cannot find -lpthreads
collect2: error: ld returned 1 exit status
gmake[1]: *** [CMakeFiles/cmTC_12764.dir/build.make:98: cmTC_12764] Error 1
gmake[1]: Leaving directory '/home/egranadoo/AutoNOMOS-Tools/line-sensing-gui/build/CMakeFiles/CMakeTmp'
gmake: *** [Makefile:126: cmTC_12764/fast] Error 2


