Determining if the pthread_create exist failed with the following output:
Change Dir: /home/egranadoo/autonomos_project/AutoNOMOS-Tools/sensors_visualization/build/CMakeFiles/CMakeTmp

Run Build Command:"/usr/bin/gmake" "cmTC_64581/fast"
/usr/bin/gmake -f CMakeFiles/cmTC_64581.dir/build.make CMakeFiles/cmTC_64581.dir/build
gmake[1]: Entering directory '/home/egranadoo/autonomos_project/AutoNOMOS-Tools/sensors_visualization/build/CMakeFiles/CMakeTmp'
Building C object CMakeFiles/cmTC_64581.dir/CheckSymbolExists.c.o
/usr/bin/cc    -o CMakeFiles/cmTC_64581.dir/CheckSymbolExists.c.o   -c /home/egranadoo/autonomos_project/AutoNOMOS-Tools/sensors_visualization/build/CMakeFiles/CMakeTmp/CheckSymbolExists.c
Linking C executable cmTC_64581
/usr/bin/cmake -E cmake_link_script CMakeFiles/cmTC_64581.dir/link.txt --verbose=1
/usr/bin/cc      -rdynamic CMakeFiles/cmTC_64581.dir/CheckSymbolExists.c.o  -o cmTC_64581 
CMakeFiles/cmTC_64581.dir/CheckSymbolExists.c.o: In function `main':
CheckSymbolExists.c:(.text+0x16): undefined reference to `pthread_create'
collect2: error: ld returned 1 exit status
gmake[1]: *** [CMakeFiles/cmTC_64581.dir/build.make:87: cmTC_64581] Error 1
gmake[1]: Leaving directory '/home/egranadoo/autonomos_project/AutoNOMOS-Tools/sensors_visualization/build/CMakeFiles/CMakeTmp'
gmake: *** [Makefile:126: cmTC_64581/fast] Error 2

File /home/egranadoo/autonomos_project/AutoNOMOS-Tools/sensors_visualization/build/CMakeFiles/CMakeTmp/CheckSymbolExists.c:
/* */
#include <pthread.h>

int main(int argc, char** argv)
{
  (void)argv;
#ifndef pthread_create
  return ((int*)(&pthread_create))[argc];
#else
  (void)argc;
  return 0;
#endif
}

Determining if the function pthread_create exists in the pthreads failed with the following output:
Change Dir: /home/egranadoo/autonomos_project/AutoNOMOS-Tools/sensors_visualization/build/CMakeFiles/CMakeTmp

Run Build Command:"/usr/bin/gmake" "cmTC_ea1ad/fast"
/usr/bin/gmake -f CMakeFiles/cmTC_ea1ad.dir/build.make CMakeFiles/cmTC_ea1ad.dir/build
gmake[1]: Entering directory '/home/egranadoo/autonomos_project/AutoNOMOS-Tools/sensors_visualization/build/CMakeFiles/CMakeTmp'
Building C object CMakeFiles/cmTC_ea1ad.dir/CheckFunctionExists.c.o
/usr/bin/cc   -DCHECK_FUNCTION_EXISTS=pthread_create   -o CMakeFiles/cmTC_ea1ad.dir/CheckFunctionExists.c.o   -c /usr/share/cmake/Modules/CheckFunctionExists.c
Linking C executable cmTC_ea1ad
/usr/bin/cmake -E cmake_link_script CMakeFiles/cmTC_ea1ad.dir/link.txt --verbose=1
/usr/bin/cc  -DCHECK_FUNCTION_EXISTS=pthread_create    -rdynamic CMakeFiles/cmTC_ea1ad.dir/CheckFunctionExists.c.o  -o cmTC_ea1ad -lpthreads 
/usr/bin/ld: cannot find -lpthreads
collect2: error: ld returned 1 exit status
gmake[1]: *** [CMakeFiles/cmTC_ea1ad.dir/build.make:87: cmTC_ea1ad] Error 1
gmake[1]: Leaving directory '/home/egranadoo/autonomos_project/AutoNOMOS-Tools/sensors_visualization/build/CMakeFiles/CMakeTmp'
gmake: *** [Makefile:126: cmTC_ea1ad/fast] Error 2


